<?xml version="1.0" encoding="UTF-8"?>
<testsuite name="com.example.effectivejava.EffectiveJavaApplicationTests" tests="1" skipped="0" failures="0" errors="0" timestamp="2024-05-26T07:09:16" hostname="AL02273362.local" time="0.477">
  <properties/>
  <testcase name="contextLoads()" classname="com.example.effectivejava.EffectiveJavaApplicationTests" time="0.477"/>
  <system-out><![CDATA[16:09:15.705 [Test worker] INFO org.springframework.test.context.support.AnnotationConfigContextLoaderUtils -- Could not detect default configuration classes for test class [com.example.effectivejava.EffectiveJavaApplicationTests]: EffectiveJavaApplicationTests does not declare any static, non-private, non-final, nested classes annotated with @Configuration.
16:09:15.747 [Test worker] INFO org.springframework.boot.test.context.SpringBootTestContextBootstrapper -- Found @SpringBootConfiguration com.example.effectivejava.EffectiveJavaApplication for test class com.example.effectivejava.EffectiveJavaApplicationTests

  .   ____          _            __ _ _
 /\\ / ___'_ __ _ _(_)_ __  __ _ \ \ \ \
( ( )\___ | '_ | '_| | '_ \/ _` | \ \ \ \
 \\/  ___)| |_)| | | | | || (_| |  ) ) ) )
  '  |____| .__|_| |_|_| |_\__, | / / / /
 =========|_|==============|___/=/_/_/_/
 :: Spring Boot ::                (v3.2.5)

2024-05-26T16:09:15.908+09:00  INFO 1446 --- [effective-java] [    Test worker] c.e.e.EffectiveJavaApplicationTests      : Starting EffectiveJavaApplicationTests using Java 17.0.7 with PID 1446 (started by user in /Users/user/Desktop/study/order/effective-java)
2024-05-26T16:09:15.909+09:00  INFO 1446 --- [effective-java] [    Test worker] c.e.e.EffectiveJavaApplicationTests      : No active profile set, falling back to 1 default profile: "default"
2024-05-26T16:09:16.341+09:00  INFO 1446 --- [effective-java] [    Test worker] c.e.e.EffectiveJavaApplicationTests      : Started EffectiveJavaApplicationTests in 0.53 seconds (process running for 1.039)
]]></system-out>
  <system-err><![CDATA[]]></system-err>
</testsuite>
